Analysis & Synthesis report for ifu
Sun Feb 12 00:26:03 2023
Quartus Prime Version 20.1.1 Build 720 11/11/2020 SJ Lite Edition


---------------------
; Table of Contents ;
---------------------
  1. Legal Notice
  2. Analysis & Synthesis Summary
  3. Analysis & Synthesis Settings
  4. Parallel Compilation
  5. Analysis & Synthesis Source Files Read
  6. Analysis & Synthesis Resource Usage Summary
  7. Analysis & Synthesis Resource Utilization by Entity
  8. Registers Removed During Synthesis
  9. General Register Statistics
 10. Port Connectivity Checks: "ifu_mem:mem"
 11. Post-Synthesis Netlist Statistics for Top Partition
 12. Elapsed Time Per Partition
 13. Analysis & Synthesis Messages



----------------
; Legal Notice ;
----------------
Copyright (C) 2020  Intel Corporation. All rights reserved.
Your use of Intel Corporation's design tools, logic functions 
and other software and tools, and any partner logic 
functions, and any output files from any of the foregoing 
(including device programming or simulation files), and any 
associated documentation or information are expressly subject 
to the terms and conditions of the Intel Program License 
Subscription Agreement, the Intel Quartus Prime License Agreement,
the Intel FPGA IP License Agreement, or other applicable license
agreement, including, without limitation, that your use is for
the sole purpose of programming logic devices manufactured by
Intel and sold by Intel or its authorized distributors.  Please
refer to the applicable agreement for further details, at
https://fpgasoftware.intel.com/eula.



+----------------------------------------------------------------------------------+
; Analysis & Synthesis Summary                                                     ;
+------------------------------------+---------------------------------------------+
; Analysis & Synthesis Status        ; Successful - Sun Feb 12 00:26:03 2023       ;
; Quartus Prime Version              ; 20.1.1 Build 720 11/11/2020 SJ Lite Edition ;
; Revision Name                      ; ifu                                         ;
; Top-level Entity Name              ; ifu                                         ;
; Family                             ; Cyclone IV E                                ;
; Total logic elements               ; 15                                          ;
;     Total combinational functions  ; 15                                          ;
;     Dedicated logic registers      ; 3                                           ;
; Total registers                    ; 3                                           ;
; Total pins                         ; 34                                          ;
; Total virtual pins                 ; 0                                           ;
; Total memory bits                  ; 0                                           ;
; Embedded Multiplier 9-bit elements ; 0                                           ;
; Total PLLs                         ; 0                                           ;
+------------------------------------+---------------------------------------------+


+------------------------------------------------------------------------------------------------------------+
; Analysis & Synthesis Settings                                                                              ;
+------------------------------------------------------------------+--------------------+--------------------+
; Option                                                           ; Setting            ; Default Value      ;
+------------------------------------------------------------------+--------------------+--------------------+
; Device                                                           ; EP4CE115F23C7      ;                    ;
; Top-level entity name                                            ; ifu                ; ifu                ;
; Family name                                                      ; Cyclone IV E       ; Cyclone V          ;
; Use smart compilation                                            ; Off                ; Off                ;
; Enable parallel Assembler and Timing Analyzer during compilation ; On                 ; On                 ;
; Enable compact report table                                      ; Off                ; Off                ;
; Restructure Multiplexers                                         ; Auto               ; Auto               ;
; Create Debugging Nodes for IP Cores                              ; Off                ; Off                ;
; Preserve fewer node names                                        ; On                 ; On                 ;
; Intel FPGA IP Evaluation Mode                                    ; Enable             ; Enable             ;
; Verilog Version                                                  ; Verilog_2001       ; Verilog_2001       ;
; VHDL Version                                                     ; VHDL_1993          ; VHDL_1993          ;
; State Machine Processing                                         ; Auto               ; Auto               ;
; Safe State Machine                                               ; Off                ; Off                ;
; Extract Verilog State Machines                                   ; On                 ; On                 ;
; Extract VHDL State Machines                                      ; On                 ; On                 ;
; Ignore Verilog initial constructs                                ; Off                ; Off                ;
; Iteration limit for constant Verilog loops                       ; 5000               ; 5000               ;
; Iteration limit for non-constant Verilog loops                   ; 250                ; 250                ;
; Add Pass-Through Logic to Inferred RAMs                          ; On                 ; On                 ;
; Infer RAMs from Raw Logic                                        ; On                 ; On                 ;
; Parallel Synthesis                                               ; On                 ; On                 ;
; DSP Block Balancing                                              ; Auto               ; Auto               ;
; NOT Gate Push-Back                                               ; On                 ; On                 ;
; Power-Up Don't Care                                              ; On                 ; On                 ;
; Remove Redundant Logic Cells                                     ; Off                ; Off                ;
; Remove Duplicate Registers                                       ; On                 ; On                 ;
; Ignore CARRY Buffers                                             ; Off                ; Off                ;
; Ignore CASCADE Buffers                                           ; Off                ; Off                ;
; Ignore GLOBAL Buffers                                            ; Off                ; Off                ;
; Ignore ROW GLOBAL Buffers                                        ; Off                ; Off                ;
; Ignore LCELL Buffers                                             ; Off                ; Off                ;
; Ignore SOFT Buffers                                              ; On                 ; On                 ;
; Limit AHDL Integers to 32 Bits                                   ; Off                ; Off                ;
; Optimization Technique                                           ; Balanced           ; Balanced           ;
; Carry Chain Length                                               ; 70                 ; 70                 ;
; Auto Carry Chains                                                ; On                 ; On                 ;
; Auto Open-Drain Pins                                             ; On                 ; On                 ;
; Perform WYSIWYG Primitive Resynthesis                            ; Off                ; Off                ;
; Auto ROM Replacement                                             ; On                 ; On                 ;
; Auto RAM Replacement                                             ; On                 ; On                 ;
; Auto DSP Block Replacement                                       ; On                 ; On                 ;
; Auto Shift Register Replacement                                  ; Auto               ; Auto               ;
; Allow Shift Register Merging across Hierarchies                  ; Auto               ; Auto               ;
; Auto Clock Enable Replacement                                    ; On                 ; On                 ;
; Strict RAM Replacement                                           ; Off                ; Off                ;
; Allow Synchronous Control Signals                                ; On                 ; On                 ;
; Force Use of Synchronous Clear Signals                           ; Off                ; Off                ;
; Auto RAM Block Balancing                                         ; On                 ; On                 ;
; Auto RAM to Logic Cell Conversion                                ; Off                ; Off                ;
; Auto Resource Sharing                                            ; Off                ; Off                ;
; Allow Any RAM Size For Recognition                               ; Off                ; Off                ;
; Allow Any ROM Size For Recognition                               ; Off                ; Off                ;
; Allow Any Shift Register Size For Recognition                    ; Off                ; Off                ;
; Use LogicLock Constraints during Resource Balancing              ; On                 ; On                 ;
; Ignore translate_off and synthesis_off directives                ; Off                ; Off                ;
; Timing-Driven Synthesis                                          ; On                 ; On                 ;
; Report Parameter Settings                                        ; On                 ; On                 ;
; Report Source Assignments                                        ; On                 ; On                 ;
; Report Connectivity Checks                                       ; On                 ; On                 ;
; Ignore Maximum Fan-Out Assignments                               ; Off                ; Off                ;
; Synchronization Register Chain Length                            ; 2                  ; 2                  ;
; Power Optimization During Synthesis                              ; Normal compilation ; Normal compilation ;
; HDL message level                                                ; Level2             ; Level2             ;
; Suppress Register Optimization Related Messages                  ; Off                ; Off                ;
; Number of Removed Registers Reported in Synthesis Report         ; 5000               ; 5000               ;
; Number of Swept Nodes Reported in Synthesis Report               ; 5000               ; 5000               ;
; Number of Inverted Registers Reported in Synthesis Report        ; 100                ; 100                ;
; Clock MUX Protection                                             ; On                 ; On                 ;
; Auto Gated Clock Conversion                                      ; Off                ; Off                ;
; Block Design Naming                                              ; Auto               ; Auto               ;
; SDC constraint protection                                        ; Off                ; Off                ;
; Synthesis Effort                                                 ; Auto               ; Auto               ;
; Shift Register Replacement - Allow Asynchronous Clear Signal     ; On                 ; On                 ;
; Pre-Mapping Resynthesis Optimization                             ; Off                ; Off                ;
; Analysis & Synthesis Message Level                               ; Medium             ; Medium             ;
; Disable Register Merging Across Hierarchies                      ; Auto               ; Auto               ;
; Resource Aware Inference For Block RAM                           ; On                 ; On                 ;
+------------------------------------------------------------------+--------------------+--------------------+


+------------------------------------------+
; Parallel Compilation                     ;
+----------------------------+-------------+
; Processors                 ; Number      ;
+----------------------------+-------------+
; Number detected on machine ; 8           ;
; Maximum allowed            ; 4           ;
;                            ;             ;
; Average used               ; 1.00        ;
; Maximum used               ; 4           ;
;                            ;             ;
; Usage by Processor         ; % Time Used ;
;     Processor 1            ; 100.0%      ;
;     Processors 2-4         ;   0.0%      ;
+----------------------------+-------------+


+------------------------------------------------------------------------------------------------------------------------------------------------------------------------------------------------------------------------+
; Analysis & Synthesis Source Files Read                                                                                                                                                                                 ;
+----------------------------------+-----------------+------------------------+--------------------------------------------------------------------------------------------------------------------------------+---------+
; File Name with User-Entered Path ; Used in Netlist ; File Type              ; File Name with Absolute Path                                                                                                   ; Library ;
+----------------------------------+-----------------+------------------------+--------------------------------------------------------------------------------------------------------------------------------+---------+
; ifu_mem.v                        ; yes             ; User Verilog HDL File  ; D:/Engineering/ENTC/Semester 5/EN3030  - Circuits and Systems Design/32bit-single-Cycle-Processor-Design/Lathika/ifu/ifu_mem.v ;         ;
; ifu.v                            ; yes             ; User Verilog HDL File  ; D:/Engineering/ENTC/Semester 5/EN3030  - Circuits and Systems Design/32bit-single-Cycle-Processor-Design/Lathika/ifu/ifu.v     ;         ;
+----------------------------------+-----------------+------------------------+--------------------------------------------------------------------------------------------------------------------------------+---------+


+-----------------------------------------------------+
; Analysis & Synthesis Resource Usage Summary         ;
+---------------------------------------------+-------+
; Resource                                    ; Usage ;
+---------------------------------------------+-------+
; Estimated Total logic elements              ; 15    ;
;                                             ;       ;
; Total combinational functions               ; 15    ;
; Logic element usage by number of LUT inputs ;       ;
;     -- 4 input functions                    ; 1     ;
;     -- 3 input functions                    ; 11    ;
;     -- <=2 input functions                  ; 3     ;
;                                             ;       ;
; Logic elements by mode                      ;       ;
;     -- normal mode                          ; 14    ;
;     -- arithmetic mode                      ; 1     ;
;                                             ;       ;
; Total registers                             ; 3     ;
;     -- Dedicated logic registers            ; 3     ;
;     -- I/O registers                        ; 0     ;
;                                             ;       ;
; I/O pins                                    ; 34    ;
;                                             ;       ;
; Embedded Multiplier 9-bit elements          ; 0     ;
;                                             ;       ;
; Maximum fan-out node                        ; pc[3] ;
; Maximum fan-out                             ; 15    ;
; Total fan-out                               ; 102   ;
; Average fan-out                             ; 1.19  ;
+---------------------------------------------+-------+


+----------------------------------------------------------------------------------------------------------------------------------------------------------------------------------------------------------+
; Analysis & Synthesis Resource Utilization by Entity                                                                                                                                                      ;
+----------------------------+---------------------+---------------------------+-------------+--------------+---------+-----------+------+--------------+---------------------+-------------+--------------+
; Compilation Hierarchy Node ; Combinational ALUTs ; Dedicated Logic Registers ; Memory Bits ; DSP Elements ; DSP 9x9 ; DSP 18x18 ; Pins ; Virtual Pins ; Full Hierarchy Name ; Entity Name ; Library Name ;
+----------------------------+---------------------+---------------------------+-------------+--------------+---------+-----------+------+--------------+---------------------+-------------+--------------+
; |ifu                       ; 15 (3)              ; 3 (3)                     ; 0           ; 0            ; 0       ; 0         ; 34   ; 0            ; |ifu                ; ifu         ; work         ;
;    |ifu_mem:mem|           ; 12 (12)             ; 0 (0)                     ; 0           ; 0            ; 0       ; 0         ; 0    ; 0            ; |ifu|ifu_mem:mem    ; ifu_mem     ; work         ;
+----------------------------+---------------------+---------------------------+-------------+--------------+---------+-----------+------+--------------+---------------------+-------------+--------------+
Note: For table entries with two numbers listed, the numbers in parentheses indicate the number of resources of the given type used by the specific entity alone. The numbers listed outside of parentheses indicate the total resources of the given type used by the specific entity and all of its sub-entities in the hierarchy.


+-------------------------------------------------------------+
; Registers Removed During Synthesis                          ;
+----------------------------------------+--------------------+
; Register name                          ; Reason for Removal ;
+----------------------------------------+--------------------+
; pc[5..31]                              ; Lost fanout        ;
; Total Number of Removed Registers = 27 ;                    ;
+----------------------------------------+--------------------+


+------------------------------------------------------+
; General Register Statistics                          ;
+----------------------------------------------+-------+
; Statistic                                    ; Value ;
+----------------------------------------------+-------+
; Total registers                              ; 3     ;
; Number of registers using Synchronous Clear  ; 0     ;
; Number of registers using Synchronous Load   ; 0     ;
; Number of registers using Asynchronous Clear ; 3     ;
; Number of registers using Asynchronous Load  ; 0     ;
; Number of registers using Clock Enable       ; 0     ;
; Number of registers using Preset             ; 0     ;
+----------------------------------------------+-------+


+--------------------------------------------+
; Port Connectivity Checks: "ifu_mem:mem"    ;
+----------+-------+----------+--------------+
; Port     ; Type  ; Severity ; Details      ;
+----------+-------+----------+--------------+
; pc[1..0] ; Input ; Info     ; Stuck at GND ;
+----------+-------+----------+--------------+


+-----------------------------------------------------+
; Post-Synthesis Netlist Statistics for Top Partition ;
+-----------------------+-----------------------------+
; Type                  ; Count                       ;
+-----------------------+-----------------------------+
; boundary_port         ; 34                          ;
; cycloneiii_ff         ; 3                           ;
;     CLR               ; 3                           ;
; cycloneiii_lcell_comb ; 21                          ;
;     arith             ; 1                           ;
;         3 data inputs ; 1                           ;
;     normal            ; 20                          ;
;         0 data inputs ; 2                           ;
;         1 data inputs ; 6                           ;
;         2 data inputs ; 1                           ;
;         3 data inputs ; 10                          ;
;         4 data inputs ; 1                           ;
;                       ;                             ;
; Max LUT depth         ; 2.00                        ;
; Average LUT depth     ; 1.34                        ;
+-----------------------+-----------------------------+


+-------------------------------+
; Elapsed Time Per Partition    ;
+----------------+--------------+
; Partition Name ; Elapsed Time ;
+----------------+--------------+
; Top            ; 00:00:00     ;
+----------------+--------------+


+-------------------------------+
; Analysis & Synthesis Messages ;
+-------------------------------+
Info: *******************************************************************
Info: Running Quartus Prime Analysis & Synthesis
    Info: Version 20.1.1 Build 720 11/11/2020 SJ Lite Edition
    Info: Processing started: Sun Feb 12 00:25:52 2023
Info: Command: quartus_map --read_settings_files=on --write_settings_files=off ifu -c ifu
Warning (18236): Number of processors has not been specified which may cause overloading on shared machines.  Set the global assignment NUM_PARALLEL_PROCESSORS in your QSF to an appropriate value for best performance.
Info (20030): Parallel compilation is enabled and will use 4 of the 4 processors detected
Info (12021): Found 1 design units, including 1 entities, in source file ifu_mem.v
    Info (12023): Found entity 1: ifu_mem File: D:/Engineering/ENTC/Semester 5/EN3030  - Circuits and Systems Design/32bit-single-Cycle-Processor-Design/Lathika/ifu/ifu_mem.v Line: 1
Info (12021): Found 1 design units, including 1 entities, in source file ifu.v
    Info (12023): Found entity 1: ifu File: D:/Engineering/ENTC/Semester 5/EN3030  - Circuits and Systems Design/32bit-single-Cycle-Processor-Design/Lathika/ifu/ifu.v Line: 3
Info (12021): Found 1 design units, including 1 entities, in source file ifu_tb.v
    Info (12023): Found entity 1: ifu_tb File: D:/Engineering/ENTC/Semester 5/EN3030  - Circuits and Systems Design/32bit-single-Cycle-Processor-Design/Lathika/ifu/ifu_tb.v Line: 2
Info (12127): Elaborating entity "ifu" for the top level hierarchy
Warning (10855): Verilog HDL warning at ifu.v(11): initial value for variable pc should be constant File: D:/Engineering/ENTC/Semester 5/EN3030  - Circuits and Systems Design/32bit-single-Cycle-Processor-Design/Lathika/ifu/ifu.v Line: 11
Warning (10240): Verilog HDL Always Construct warning at ifu.v(21): inferring latch(es) for variable "pc", which holds its previous value in one or more paths through the always construct File: D:/Engineering/ENTC/Semester 5/EN3030  - Circuits and Systems Design/32bit-single-Cycle-Processor-Design/Lathika/ifu/ifu.v Line: 21
Info (10041): Inferred latch for "pc[0]" at ifu.v(21) File: D:/Engineering/ENTC/Semester 5/EN3030  - Circuits and Systems Design/32bit-single-Cycle-Processor-Design/Lathika/ifu/ifu.v Line: 21
Info (10041): Inferred latch for "pc[1]" at ifu.v(21) File: D:/Engineering/ENTC/Semester 5/EN3030  - Circuits and Systems Design/32bit-single-Cycle-Processor-Design/Lathika/ifu/ifu.v Line: 21
Info (12128): Elaborating entity "ifu_mem" for hierarchy "ifu_mem:mem" File: D:/Engineering/ENTC/Semester 5/EN3030  - Circuits and Systems Design/32bit-single-Cycle-Processor-Design/Lathika/ifu/ifu.v Line: 18
Info (10041): Inferred latch for "Memory[0][0]" at ifu_mem.v(15) File: D:/Engineering/ENTC/Semester 5/EN3030  - Circuits and Systems Design/32bit-single-Cycle-Processor-Design/Lathika/ifu/ifu_mem.v Line: 15
Info (10041): Inferred latch for "Memory[0][1]" at ifu_mem.v(15) File: D:/Engineering/ENTC/Semester 5/EN3030  - Circuits and Systems Design/32bit-single-Cycle-Processor-Design/Lathika/ifu/ifu_mem.v Line: 15
Info (10041): Inferred latch for "Memory[0][2]" at ifu_mem.v(15) File: D:/Engineering/ENTC/Semester 5/EN3030  - Circuits and Systems Design/32bit-single-Cycle-Processor-Design/Lathika/ifu/ifu_mem.v Line: 15
Info (10041): Inferred latch for "Memory[0][3]" at ifu_mem.v(15) File: D:/Engineering/ENTC/Semester 5/EN3030  - Circuits and Systems Design/32bit-single-Cycle-Processor-Design/Lathika/ifu/ifu_mem.v Line: 15
Info (10041): Inferred latch for "Memory[0][4]" at ifu_mem.v(15) File: D:/Engineering/ENTC/Semester 5/EN3030  - Circuits and Systems Design/32bit-single-Cycle-Processor-Design/Lathika/ifu/ifu_mem.v Line: 15
Info (10041): Inferred latch for "Memory[0][5]" at ifu_mem.v(15) File: D:/Engineering/ENTC/Semester 5/EN3030  - Circuits and Systems Design/32bit-single-Cycle-Processor-Design/Lathika/ifu/ifu_mem.v Line: 15
Info (10041): Inferred latch for "Memory[0][6]" at ifu_mem.v(15) File: D:/Engineering/ENTC/Semester 5/EN3030  - Circuits and Systems Design/32bit-single-Cycle-Processor-Design/Lathika/ifu/ifu_mem.v Line: 15
Info (10041): Inferred latch for "Memory[0][7]" at ifu_mem.v(15) File: D:/Engineering/ENTC/Semester 5/EN3030  - Circuits and Systems Design/32bit-single-Cycle-Processor-Design/Lathika/ifu/ifu_mem.v Line: 15
Info (10041): Inferred latch for "Memory[1][0]" at ifu_mem.v(15) File: D:/Engineering/ENTC/Semester 5/EN3030  - Circuits and Systems Design/32bit-single-Cycle-Processor-Design/Lathika/ifu/ifu_mem.v Line: 15
Info (10041): Inferred latch for "Memory[1][1]" at ifu_mem.v(15) File: D:/Engineering/ENTC/Semester 5/EN3030  - Circuits and Systems Design/32bit-single-Cycle-Processor-Design/Lathika/ifu/ifu_mem.v Line: 15
Info (10041): Inferred latch for "Memory[1][2]" at ifu_mem.v(15) File: D:/Engineering/ENTC/Semester 5/EN3030  - Circuits and Systems Design/32bit-single-Cycle-Processor-Design/Lathika/ifu/ifu_mem.v Line: 15
Info (10041): Inferred latch for "Memory[1][3]" at ifu_mem.v(15) File: D:/Engineering/ENTC/Semester 5/EN3030  - Circuits and Systems Design/32bit-single-Cycle-Processor-Design/Lathika/ifu/ifu_mem.v Line: 15
Info (10041): Inferred latch for "Memory[1][4]" at ifu_mem.v(15) File: D:/Engineering/ENTC/Semester 5/EN3030  - Circuits and Systems Design/32bit-single-Cycle-Processor-Design/Lathika/ifu/ifu_mem.v Line: 15
Info (10041): Inferred latch for "Memory[1][5]" at ifu_mem.v(15) File: D:/Engineering/ENTC/Semester 5/EN3030  - Circuits and Systems Design/32bit-single-Cycle-Processor-Design/Lathika/ifu/ifu_mem.v Line: 15
Info (10041): Inferred latch for "Memory[1][6]" at ifu_mem.v(15) File: D:/Engineering/ENTC/Semester 5/EN3030  - Circuits and Systems Design/32bit-single-Cycle-Processor-Design/Lathika/ifu/ifu_mem.v Line: 15
Info (10041): Inferred latch for "Memory[1][7]" at ifu_mem.v(15) File: D:/Engineering/ENTC/Semester 5/EN3030  - Circuits and Systems Design/32bit-single-Cycle-Processor-Design/Lathika/ifu/ifu_mem.v Line: 15
Info (10041): Inferred latch for "Memory[2][0]" at ifu_mem.v(15) File: D:/Engineering/ENTC/Semester 5/EN3030  - Circuits and Systems Design/32bit-single-Cycle-Processor-Design/Lathika/ifu/ifu_mem.v Line: 15
Info (10041): Inferred latch for "Memory[2][1]" at ifu_mem.v(15) File: D:/Engineering/ENTC/Semester 5/EN3030  - Circuits and Systems Design/32bit-single-Cycle-Processor-Design/Lathika/ifu/ifu_mem.v Line: 15
Info (10041): Inferred latch for "Memory[2][2]" at ifu_mem.v(15) File: D:/Engineering/ENTC/Semester 5/EN3030  - Circuits and Systems Design/32bit-single-Cycle-Processor-Design/Lathika/ifu/ifu_mem.v Line: 15
Info (10041): Inferred latch for "Memory[2][3]" at ifu_mem.v(15) File: D:/Engineering/ENTC/Semester 5/EN3030  - Circuits and Systems Design/32bit-single-Cycle-Processor-Design/Lathika/ifu/ifu_mem.v Line: 15
Info (10041): Inferred latch for "Memory[2][4]" at ifu_mem.v(15) File: D:/Engineering/ENTC/Semester 5/EN3030  - Circuits and Systems Design/32bit-single-Cycle-Processor-Design/Lathika/ifu/ifu_mem.v Line: 15
Info (10041): Inferred latch for "Memory[2][5]" at ifu_mem.v(15) File: D:/Engineering/ENTC/Semester 5/EN3030  - Circuits and Systems Design/32bit-single-Cycle-Processor-Design/Lathika/ifu/ifu_mem.v Line: 15
Info (10041): Inferred latch for "Memory[2][6]" at ifu_mem.v(15) File: D:/Engineering/ENTC/Semester 5/EN3030  - Circuits and Systems Design/32bit-single-Cycle-Processor-Design/Lathika/ifu/ifu_mem.v Line: 15
Info (10041): Inferred latch for "Memory[2][7]" at ifu_mem.v(15) File: D:/Engineering/ENTC/Semester 5/EN3030  - Circuits and Systems Design/32bit-single-Cycle-Processor-Design/Lathika/ifu/ifu_mem.v Line: 15
Info (10041): Inferred latch for "Memory[3][0]" at ifu_mem.v(15) File: D:/Engineering/ENTC/Semester 5/EN3030  - Circuits and Systems Design/32bit-single-Cycle-Processor-Design/Lathika/ifu/ifu_mem.v Line: 15
Info (10041): Inferred latch for "Memory[3][1]" at ifu_mem.v(15) File: D:/Engineering/ENTC/Semester 5/EN3030  - Circuits and Systems Design/32bit-single-Cycle-Processor-Design/Lathika/ifu/ifu_mem.v Line: 15
Info (10041): Inferred latch for "Memory[3][2]" at ifu_mem.v(15) File: D:/Engineering/ENTC/Semester 5/EN3030  - Circuits and Systems Design/32bit-single-Cycle-Processor-Design/Lathika/ifu/ifu_mem.v Line: 15
Info (10041): Inferred latch for "Memory[3][3]" at ifu_mem.v(15) File: D:/Engineering/ENTC/Semester 5/EN3030  - Circuits and Systems Design/32bit-single-Cycle-Processor-Design/Lathika/ifu/ifu_mem.v Line: 15
Info (10041): Inferred latch for "Memory[3][4]" at ifu_mem.v(15) File: D:/Engineering/ENTC/Semester 5/EN3030  - Circuits and Systems Design/32bit-single-Cycle-Processor-Design/Lathika/ifu/ifu_mem.v Line: 15
Info (10041): Inferred latch for "Memory[3][5]" at ifu_mem.v(15) File: D:/Engineering/ENTC/Semester 5/EN3030  - Circuits and Systems Design/32bit-single-Cycle-Processor-Design/Lathika/ifu/ifu_mem.v Line: 15
Info (10041): Inferred latch for "Memory[3][6]" at ifu_mem.v(15) File: D:/Engineering/ENTC/Semester 5/EN3030  - Circuits and Systems Design/32bit-single-Cycle-Processor-Design/Lathika/ifu/ifu_mem.v Line: 15
Info (10041): Inferred latch for "Memory[3][7]" at ifu_mem.v(15) File: D:/Engineering/ENTC/Semester 5/EN3030  - Circuits and Systems Design/32bit-single-Cycle-Processor-Design/Lathika/ifu/ifu_mem.v Line: 15
Info (10041): Inferred latch for "Memory[4][0]" at ifu_mem.v(15) File: D:/Engineering/ENTC/Semester 5/EN3030  - Circuits and Systems Design/32bit-single-Cycle-Processor-Design/Lathika/ifu/ifu_mem.v Line: 15
Info (10041): Inferred latch for "Memory[4][1]" at ifu_mem.v(15) File: D:/Engineering/ENTC/Semester 5/EN3030  - Circuits and Systems Design/32bit-single-Cycle-Processor-Design/Lathika/ifu/ifu_mem.v Line: 15
Info (10041): Inferred latch for "Memory[4][2]" at ifu_mem.v(15) File: D:/Engineering/ENTC/Semester 5/EN3030  - Circuits and Systems Design/32bit-single-Cycle-Processor-Design/Lathika/ifu/ifu_mem.v Line: 15
Info (10041): Inferred latch for "Memory[4][3]" at ifu_mem.v(15) File: D:/Engineering/ENTC/Semester 5/EN3030  - Circuits and Systems Design/32bit-single-Cycle-Processor-Design/Lathika/ifu/ifu_mem.v Line: 15
Info (10041): Inferred latch for "Memory[4][4]" at ifu_mem.v(15) File: D:/Engineering/ENTC/Semester 5/EN3030  - Circuits and Systems Design/32bit-single-Cycle-Processor-Design/Lathika/ifu/ifu_mem.v Line: 15
Info (10041): Inferred latch for "Memory[4][5]" at ifu_mem.v(15) File: D:/Engineering/ENTC/Semester 5/EN3030  - Circuits and Systems Design/32bit-single-Cycle-Processor-Design/Lathika/ifu/ifu_mem.v Line: 15
Info (10041): Inferred latch for "Memory[4][6]" at ifu_mem.v(15) File: D:/Engineering/ENTC/Semester 5/EN3030  - Circuits and Systems Design/32bit-single-Cycle-Processor-Design/Lathika/ifu/ifu_mem.v Line: 15
Info (10041): Inferred latch for "Memory[4][7]" at ifu_mem.v(15) File: D:/Engineering/ENTC/Semester 5/EN3030  - Circuits and Systems Design/32bit-single-Cycle-Processor-Design/Lathika/ifu/ifu_mem.v Line: 15
Info (10041): Inferred latch for "Memory[5][0]" at ifu_mem.v(15) File: D:/Engineering/ENTC/Semester 5/EN3030  - Circuits and Systems Design/32bit-single-Cycle-Processor-Design/Lathika/ifu/ifu_mem.v Line: 15
Info (10041): Inferred latch for "Memory[5][1]" at ifu_mem.v(15) File: D:/Engineering/ENTC/Semester 5/EN3030  - Circuits and Systems Design/32bit-single-Cycle-Processor-Design/Lathika/ifu/ifu_mem.v Line: 15
Info (10041): Inferred latch for "Memory[5][2]" at ifu_mem.v(15) File: D:/Engineering/ENTC/Semester 5/EN3030  - Circuits and Systems Design/32bit-single-Cycle-Processor-Design/Lathika/ifu/ifu_mem.v Line: 15
Info (10041): Inferred latch for "Memory[5][3]" at ifu_mem.v(15) File: D:/Engineering/ENTC/Semester 5/EN3030  - Circuits and Systems Design/32bit-single-Cycle-Processor-Design/Lathika/ifu/ifu_mem.v Line: 15
Info (10041): Inferred latch for "Memory[5][4]" at ifu_mem.v(15) File: D:/Engineering/ENTC/Semester 5/EN3030  - Circuits and Systems Design/32bit-single-Cycle-Processor-Design/Lathika/ifu/ifu_mem.v Line: 15
Info (10041): Inferred latch for "Memory[5][5]" at ifu_mem.v(15) File: D:/Engineering/ENTC/Semester 5/EN3030  - Circuits and Systems Design/32bit-single-Cycle-Processor-Design/Lathika/ifu/ifu_mem.v Line: 15
Info (10041): Inferred latch for "Memory[5][6]" at ifu_mem.v(15) File: D:/Engineering/ENTC/Semester 5/EN3030  - Circuits and Systems Design/32bit-single-Cycle-Processor-Design/Lathika/ifu/ifu_mem.v Line: 15
Info (10041): Inferred latch for "Memory[5][7]" at ifu_mem.v(15) File: D:/Engineering/ENTC/Semester 5/EN3030  - Circuits and Systems Design/32bit-single-Cycle-Processor-Design/Lathika/ifu/ifu_mem.v Line: 15
Info (10041): Inferred latch for "Memory[6][0]" at ifu_mem.v(15) File: D:/Engineering/ENTC/Semester 5/EN3030  - Circuits and Systems Design/32bit-single-Cycle-Processor-Design/Lathika/ifu/ifu_mem.v Line: 15
Info (10041): Inferred latch for "Memory[6][1]" at ifu_mem.v(15) File: D:/Engineering/ENTC/Semester 5/EN3030  - Circuits and Systems Design/32bit-single-Cycle-Processor-Design/Lathika/ifu/ifu_mem.v Line: 15
Info (10041): Inferred latch for "Memory[6][2]" at ifu_mem.v(15) File: D:/Engineering/ENTC/Semester 5/EN3030  - Circuits and Systems Design/32bit-single-Cycle-Processor-Design/Lathika/ifu/ifu_mem.v Line: 15
Info (10041): Inferred latch for "Memory[6][3]" at ifu_mem.v(15) File: D:/Engineering/ENTC/Semester 5/EN3030  - Circuits and Systems Design/32bit-single-Cycle-Processor-Design/Lathika/ifu/ifu_mem.v Line: 15
Info (10041): Inferred latch for "Memory[6][4]" at ifu_mem.v(15) File: D:/Engineering/ENTC/Semester 5/EN3030  - Circuits and Systems Design/32bit-single-Cycle-Processor-Design/Lathika/ifu/ifu_mem.v Line: 15
Info (10041): Inferred latch for "Memory[6][5]" at ifu_mem.v(15) File: D:/Engineering/ENTC/Semester 5/EN3030  - Circuits and Systems Design/32bit-single-Cycle-Processor-Design/Lathika/ifu/ifu_mem.v Line: 15
Info (10041): Inferred latch for "Memory[6][6]" at ifu_mem.v(15) File: D:/Engineering/ENTC/Semester 5/EN3030  - Circuits and Systems Design/32bit-single-Cycle-Processor-Design/Lathika/ifu/ifu_mem.v Line: 15
Info (10041): Inferred latch for "Memory[6][7]" at ifu_mem.v(15) File: D:/Engineering/ENTC/Semester 5/EN3030  - Circuits and Systems Design/32bit-single-Cycle-Processor-Design/Lathika/ifu/ifu_mem.v Line: 15
Info (10041): Inferred latch for "Memory[7][0]" at ifu_mem.v(15) File: D:/Engineering/ENTC/Semester 5/EN3030  - Circuits and Systems Design/32bit-single-Cycle-Processor-Design/Lathika/ifu/ifu_mem.v Line: 15
Info (10041): Inferred latch for "Memory[7][1]" at ifu_mem.v(15) File: D:/Engineering/ENTC/Semester 5/EN3030  - Circuits and Systems Design/32bit-single-Cycle-Processor-Design/Lathika/ifu/ifu_mem.v Line: 15
Info (10041): Inferred latch for "Memory[7][2]" at ifu_mem.v(15) File: D:/Engineering/ENTC/Semester 5/EN3030  - Circuits and Systems Design/32bit-single-Cycle-Processor-Design/Lathika/ifu/ifu_mem.v Line: 15
Info (10041): Inferred latch for "Memory[7][3]" at ifu_mem.v(15) File: D:/Engineering/ENTC/Semester 5/EN3030  - Circuits and Systems Design/32bit-single-Cycle-Processor-Design/Lathika/ifu/ifu_mem.v Line: 15
Info (10041): Inferred latch for "Memory[7][4]" at ifu_mem.v(15) File: D:/Engineering/ENTC/Semester 5/EN3030  - Circuits and Systems Design/32bit-single-Cycle-Processor-Design/Lathika/ifu/ifu_mem.v Line: 15
Info (10041): Inferred latch for "Memory[7][5]" at ifu_mem.v(15) File: D:/Engineering/ENTC/Semester 5/EN3030  - Circuits and Systems Design/32bit-single-Cycle-Processor-Design/Lathika/ifu/ifu_mem.v Line: 15
Info (10041): Inferred latch for "Memory[7][6]" at ifu_mem.v(15) File: D:/Engineering/ENTC/Semester 5/EN3030  - Circuits and Systems Design/32bit-single-Cycle-Processor-Design/Lathika/ifu/ifu_mem.v Line: 15
Info (10041): Inferred latch for "Memory[7][7]" at ifu_mem.v(15) File: D:/Engineering/ENTC/Semester 5/EN3030  - Circuits and Systems Design/32bit-single-Cycle-Processor-Design/Lathika/ifu/ifu_mem.v Line: 15
Info (10041): Inferred latch for "Memory[8][0]" at ifu_mem.v(15) File: D:/Engineering/ENTC/Semester 5/EN3030  - Circuits and Systems Design/32bit-single-Cycle-Processor-Design/Lathika/ifu/ifu_mem.v Line: 15
Info (10041): Inferred latch for "Memory[8][1]" at ifu_mem.v(15) File: D:/Engineering/ENTC/Semester 5/EN3030  - Circuits and Systems Design/32bit-single-Cycle-Processor-Design/Lathika/ifu/ifu_mem.v Line: 15
Info (10041): Inferred latch for "Memory[8][2]" at ifu_mem.v(15) File: D:/Engineering/ENTC/Semester 5/EN3030  - Circuits and Systems Design/32bit-single-Cycle-Processor-Design/Lathika/ifu/ifu_mem.v Line: 15
Info (10041): Inferred latch for "Memory[8][3]" at ifu_mem.v(15) File: D:/Engineering/ENTC/Semester 5/EN3030  - Circuits and Systems Design/32bit-single-Cycle-Processor-Design/Lathika/ifu/ifu_mem.v Line: 15
Info (10041): Inferred latch for "Memory[8][4]" at ifu_mem.v(15) File: D:/Engineering/ENTC/Semester 5/EN3030  - Circuits and Systems Design/32bit-single-Cycle-Processor-Design/Lathika/ifu/ifu_mem.v Line: 15
Info (10041): Inferred latch for "Memory[8][5]" at ifu_mem.v(15) File: D:/Engineering/ENTC/Semester 5/EN3030  - Circuits and Systems Design/32bit-single-Cycle-Processor-Design/Lathika/ifu/ifu_mem.v Line: 15
Info (10041): Inferred latch for "Memory[8][6]" at ifu_mem.v(15) File: D:/Engineering/ENTC/Semester 5/EN3030  - Circuits and Systems Design/32bit-single-Cycle-Processor-Design/Lathika/ifu/ifu_mem.v Line: 15
Info (10041): Inferred latch for "Memory[8][7]" at ifu_mem.v(15) File: D:/Engineering/ENTC/Semester 5/EN3030  - Circuits and Systems Design/32bit-single-Cycle-Processor-Design/Lathika/ifu/ifu_mem.v Line: 15
Info (10041): Inferred latch for "Memory[9][0]" at ifu_mem.v(15) File: D:/Engineering/ENTC/Semester 5/EN3030  - Circuits and Systems Design/32bit-single-Cycle-Processor-Design/Lathika/ifu/ifu_mem.v Line: 15
Info (10041): Inferred latch for "Memory[9][1]" at ifu_mem.v(15) File: D:/Engineering/ENTC/Semester 5/EN3030  - Circuits and Systems Design/32bit-single-Cycle-Processor-Design/Lathika/ifu/ifu_mem.v Line: 15
Info (10041): Inferred latch for "Memory[9][2]" at ifu_mem.v(15) File: D:/Engineering/ENTC/Semester 5/EN3030  - Circuits and Systems Design/32bit-single-Cycle-Processor-Design/Lathika/ifu/ifu_mem.v Line: 15
Info (10041): Inferred latch for "Memory[9][3]" at ifu_mem.v(15) File: D:/Engineering/ENTC/Semester 5/EN3030  - Circuits and Systems Design/32bit-single-Cycle-Processor-Design/Lathika/ifu/ifu_mem.v Line: 15
Info (10041): Inferred latch for "Memory[9][4]" at ifu_mem.v(15) File: D:/Engineering/ENTC/Semester 5/EN3030  - Circuits and Systems Design/32bit-single-Cycle-Processor-Design/Lathika/ifu/ifu_mem.v Line: 15
Info (10041): Inferred latch for "Memory[9][5]" at ifu_mem.v(15) File: D:/Engineering/ENTC/Semester 5/EN3030  - Circuits and Systems Design/32bit-single-Cycle-Processor-Design/Lathika/ifu/ifu_mem.v Line: 15
Info (10041): Inferred latch for "Memory[9][6]" at ifu_mem.v(15) File: D:/Engineering/ENTC/Semester 5/EN3030  - Circuits and Systems Design/32bit-single-Cycle-Processor-Design/Lathika/ifu/ifu_mem.v Line: 15
Info (10041): Inferred latch for "Memory[9][7]" at ifu_mem.v(15) File: D:/Engineering/ENTC/Semester 5/EN3030  - Circuits and Systems Design/32bit-single-Cycle-Processor-Design/Lathika/ifu/ifu_mem.v Line: 15
Info (10041): Inferred latch for "Memory[10][0]" at ifu_mem.v(15) File: D:/Engineering/ENTC/Semester 5/EN3030  - Circuits and Systems Design/32bit-single-Cycle-Processor-Design/Lathika/ifu/ifu_mem.v Line: 15
Info (10041): Inferred latch for "Memory[10][1]" at ifu_mem.v(15) File: D:/Engineering/ENTC/Semester 5/EN3030  - Circuits and Systems Design/32bit-single-Cycle-Processor-Design/Lathika/ifu/ifu_mem.v Line: 15
Info (10041): Inferred latch for "Memory[10][2]" at ifu_mem.v(15) File: D:/Engineering/ENTC/Semester 5/EN3030  - Circuits and Systems Design/32bit-single-Cycle-Processor-Design/Lathika/ifu/ifu_mem.v Line: 15
Info (10041): Inferred latch for "Memory[10][3]" at ifu_mem.v(15) File: D:/Engineering/ENTC/Semester 5/EN3030  - Circuits and Systems Design/32bit-single-Cycle-Processor-Design/Lathika/ifu/ifu_mem.v Line: 15
Info (10041): Inferred latch for "Memory[10][4]" at ifu_mem.v(15) File: D:/Engineering/ENTC/Semester 5/EN3030  - Circuits and Systems Design/32bit-single-Cycle-Processor-Design/Lathika/ifu/ifu_mem.v Line: 15
Info (10041): Inferred latch for "Memory[10][5]" at ifu_mem.v(15) File: D:/Engineering/ENTC/Semester 5/EN3030  - Circuits and Systems Design/32bit-single-Cycle-Processor-Design/Lathika/ifu/ifu_mem.v Line: 15
Info (10041): Inferred latch for "Memory[10][6]" at ifu_mem.v(15) File: D:/Engineering/ENTC/Semester 5/EN3030  - Circuits and Systems Design/32bit-single-Cycle-Processor-Design/Lathika/ifu/ifu_mem.v Line: 15
Info (10041): Inferred latch for "Memory[10][7]" at ifu_mem.v(15) File: D:/Engineering/ENTC/Semester 5/EN3030  - Circuits and Systems Design/32bit-single-Cycle-Processor-Design/Lathika/ifu/ifu_mem.v Line: 15
Info (10041): Inferred latch for "Memory[11][0]" at ifu_mem.v(15) File: D:/Engineering/ENTC/Semester 5/EN3030  - Circuits and Systems Design/32bit-single-Cycle-Processor-Design/Lathika/ifu/ifu_mem.v Line: 15
Info (10041): Inferred latch for "Memory[11][1]" at ifu_mem.v(15) File: D:/Engineering/ENTC/Semester 5/EN3030  - Circuits and Systems Design/32bit-single-Cycle-Processor-Design/Lathika/ifu/ifu_mem.v Line: 15
Info (10041): Inferred latch for "Memory[11][2]" at ifu_mem.v(15) File: D:/Engineering/ENTC/Semester 5/EN3030  - Circuits and Systems Design/32bit-single-Cycle-Processor-Design/Lathika/ifu/ifu_mem.v Line: 15
Info (10041): Inferred latch for "Memory[11][3]" at ifu_mem.v(15) File: D:/Engineering/ENTC/Semester 5/EN3030  - Circuits and Systems Design/32bit-single-Cycle-Processor-Design/Lathika/ifu/ifu_mem.v Line: 15
Info (10041): Inferred latch for "Memory[11][4]" at ifu_mem.v(15) File: D:/Engineering/ENTC/Semester 5/EN3030  - Circuits and Systems Design/32bit-single-Cycle-Processor-Design/Lathika/ifu/ifu_mem.v Line: 15
Info (10041): Inferred latch for "Memory[11][5]" at ifu_mem.v(15) File: D:/Engineering/ENTC/Semester 5/EN3030  - Circuits and Systems Design/32bit-single-Cycle-Processor-Design/Lathika/ifu/ifu_mem.v Line: 15
Info (10041): Inferred latch for "Memory[11][6]" at ifu_mem.v(15) File: D:/Engineering/ENTC/Semester 5/EN3030  - Circuits and Systems Design/32bit-single-Cycle-Processor-Design/Lathika/ifu/ifu_mem.v Line: 15
Info (10041): Inferred latch for "Memory[11][7]" at ifu_mem.v(15) File: D:/Engineering/ENTC/Semester 5/EN3030  - Circuits and Systems Design/32bit-single-Cycle-Processor-Design/Lathika/ifu/ifu_mem.v Line: 15
Info (10041): Inferred latch for "Memory[12][0]" at ifu_mem.v(15) File: D:/Engineering/ENTC/Semester 5/EN3030  - Circuits and Systems Design/32bit-single-Cycle-Processor-Design/Lathika/ifu/ifu_mem.v Line: 15
Info (10041): Inferred latch for "Memory[12][1]" at ifu_mem.v(15) File: D:/Engineering/ENTC/Semester 5/EN3030  - Circuits and Systems Design/32bit-single-Cycle-Processor-Design/Lathika/ifu/ifu_mem.v Line: 15
Info (10041): Inferred latch for "Memory[12][2]" at ifu_mem.v(15) File: D:/Engineering/ENTC/Semester 5/EN3030  - Circuits and Systems Design/32bit-single-Cycle-Processor-Design/Lathika/ifu/ifu_mem.v Line: 15
Info (10041): Inferred latch for "Memory[12][3]" at ifu_mem.v(15) File: D:/Engineering/ENTC/Semester 5/EN3030  - Circuits and Systems Design/32bit-single-Cycle-Processor-Design/Lathika/ifu/ifu_mem.v Line: 15
Info (10041): Inferred latch for "Memory[12][4]" at ifu_mem.v(15) File: D:/Engineering/ENTC/Semester 5/EN3030  - Circuits and Systems Design/32bit-single-Cycle-Processor-Design/Lathika/ifu/ifu_mem.v Line: 15
Info (10041): Inferred latch for "Memory[12][5]" at ifu_mem.v(15) File: D:/Engineering/ENTC/Semester 5/EN3030  - Circuits and Systems Design/32bit-single-Cycle-Processor-Design/Lathika/ifu/ifu_mem.v Line: 15
Info (10041): Inferred latch for "Memory[12][6]" at ifu_mem.v(15) File: D:/Engineering/ENTC/Semester 5/EN3030  - Circuits and Systems Design/32bit-single-Cycle-Processor-Design/Lathika/ifu/ifu_mem.v Line: 15
Info (10041): Inferred latch for "Memory[12][7]" at ifu_mem.v(15) File: D:/Engineering/ENTC/Semester 5/EN3030  - Circuits and Systems Design/32bit-single-Cycle-Processor-Design/Lathika/ifu/ifu_mem.v Line: 15
Info (10041): Inferred latch for "Memory[13][0]" at ifu_mem.v(15) File: D:/Engineering/ENTC/Semester 5/EN3030  - Circuits and Systems Design/32bit-single-Cycle-Processor-Design/Lathika/ifu/ifu_mem.v Line: 15
Info (10041): Inferred latch for "Memory[13][1]" at ifu_mem.v(15) File: D:/Engineering/ENTC/Semester 5/EN3030  - Circuits and Systems Design/32bit-single-Cycle-Processor-Design/Lathika/ifu/ifu_mem.v Line: 15
Info (10041): Inferred latch for "Memory[13][2]" at ifu_mem.v(15) File: D:/Engineering/ENTC/Semester 5/EN3030  - Circuits and Systems Design/32bit-single-Cycle-Processor-Design/Lathika/ifu/ifu_mem.v Line: 15
Info (10041): Inferred latch for "Memory[13][3]" at ifu_mem.v(15) File: D:/Engineering/ENTC/Semester 5/EN3030  - Circuits and Systems Design/32bit-single-Cycle-Processor-Design/Lathika/ifu/ifu_mem.v Line: 15
Info (10041): Inferred latch for "Memory[13][4]" at ifu_mem.v(15) File: D:/Engineering/ENTC/Semester 5/EN3030  - Circuits and Systems Design/32bit-single-Cycle-Processor-Design/Lathika/ifu/ifu_mem.v Line: 15
Info (10041): Inferred latch for "Memory[13][5]" at ifu_mem.v(15) File: D:/Engineering/ENTC/Semester 5/EN3030  - Circuits and Systems Design/32bit-single-Cycle-Processor-Design/Lathika/ifu/ifu_mem.v Line: 15
Info (10041): Inferred latch for "Memory[13][6]" at ifu_mem.v(15) File: D:/Engineering/ENTC/Semester 5/EN3030  - Circuits and Systems Design/32bit-single-Cycle-Processor-Design/Lathika/ifu/ifu_mem.v Line: 15
Info (10041): Inferred latch for "Memory[13][7]" at ifu_mem.v(15) File: D:/Engineering/ENTC/Semester 5/EN3030  - Circuits and Systems Design/32bit-single-Cycle-Processor-Design/Lathika/ifu/ifu_mem.v Line: 15
Info (10041): Inferred latch for "Memory[14][0]" at ifu_mem.v(15) File: D:/Engineering/ENTC/Semester 5/EN3030  - Circuits and Systems Design/32bit-single-Cycle-Processor-Design/Lathika/ifu/ifu_mem.v Line: 15
Info (10041): Inferred latch for "Memory[14][1]" at ifu_mem.v(15) File: D:/Engineering/ENTC/Semester 5/EN3030  - Circuits and Systems Design/32bit-single-Cycle-Processor-Design/Lathika/ifu/ifu_mem.v Line: 15
Info (10041): Inferred latch for "Memory[14][2]" at ifu_mem.v(15) File: D:/Engineering/ENTC/Semester 5/EN3030  - Circuits and Systems Design/32bit-single-Cycle-Processor-Design/Lathika/ifu/ifu_mem.v Line: 15
Info (10041): Inferred latch for "Memory[14][3]" at ifu_mem.v(15) File: D:/Engineering/ENTC/Semester 5/EN3030  - Circuits and Systems Design/32bit-single-Cycle-Processor-Design/Lathika/ifu/ifu_mem.v Line: 15
Info (10041): Inferred latch for "Memory[14][4]" at ifu_mem.v(15) File: D:/Engineering/ENTC/Semester 5/EN3030  - Circuits and Systems Design/32bit-single-Cycle-Processor-Design/Lathika/ifu/ifu_mem.v Line: 15
Info (10041): Inferred latch for "Memory[14][5]" at ifu_mem.v(15) File: D:/Engineering/ENTC/Semester 5/EN3030  - Circuits and Systems Design/32bit-single-Cycle-Processor-Design/Lathika/ifu/ifu_mem.v Line: 15
Info (10041): Inferred latch for "Memory[14][6]" at ifu_mem.v(15) File: D:/Engineering/ENTC/Semester 5/EN3030  - Circuits and Systems Design/32bit-single-Cycle-Processor-Design/Lathika/ifu/ifu_mem.v Line: 15
Info (10041): Inferred latch for "Memory[14][7]" at ifu_mem.v(15) File: D:/Engineering/ENTC/Semester 5/EN3030  - Circuits and Systems Design/32bit-single-Cycle-Processor-Design/Lathika/ifu/ifu_mem.v Line: 15
Info (10041): Inferred latch for "Memory[15][0]" at ifu_mem.v(15) File: D:/Engineering/ENTC/Semester 5/EN3030  - Circuits and Systems Design/32bit-single-Cycle-Processor-Design/Lathika/ifu/ifu_mem.v Line: 15
Info (10041): Inferred latch for "Memory[15][1]" at ifu_mem.v(15) File: D:/Engineering/ENTC/Semester 5/EN3030  - Circuits and Systems Design/32bit-single-Cycle-Processor-Design/Lathika/ifu/ifu_mem.v Line: 15
Info (10041): Inferred latch for "Memory[15][2]" at ifu_mem.v(15) File: D:/Engineering/ENTC/Semester 5/EN3030  - Circuits and Systems Design/32bit-single-Cycle-Processor-Design/Lathika/ifu/ifu_mem.v Line: 15
Info (10041): Inferred latch for "Memory[15][3]" at ifu_mem.v(15) File: D:/Engineering/ENTC/Semester 5/EN3030  - Circuits and Systems Design/32bit-single-Cycle-Processor-Design/Lathika/ifu/ifu_mem.v Line: 15
Info (10041): Inferred latch for "Memory[15][4]" at ifu_mem.v(15) File: D:/Engineering/ENTC/Semester 5/EN3030  - Circuits and Systems Design/32bit-single-Cycle-Processor-Design/Lathika/ifu/ifu_mem.v Line: 15
Info (10041): Inferred latch for "Memory[15][5]" at ifu_mem.v(15) File: D:/Engineering/ENTC/Semester 5/EN3030  - Circuits and Systems Design/32bit-single-Cycle-Processor-Design/Lathika/ifu/ifu_mem.v Line: 15
Info (10041): Inferred latch for "Memory[15][6]" at ifu_mem.v(15) File: D:/Engineering/ENTC/Semester 5/EN3030  - Circuits and Systems Design/32bit-single-Cycle-Processor-Design/Lathika/ifu/ifu_mem.v Line: 15
Info (10041): Inferred latch for "Memory[15][7]" at ifu_mem.v(15) File: D:/Engineering/ENTC/Semester 5/EN3030  - Circuits and Systems Design/32bit-single-Cycle-Processor-Design/Lathika/ifu/ifu_mem.v Line: 15
Info (10041): Inferred latch for "Memory[16][0]" at ifu_mem.v(15) File: D:/Engineering/ENTC/Semester 5/EN3030  - Circuits and Systems Design/32bit-single-Cycle-Processor-Design/Lathika/ifu/ifu_mem.v Line: 15
Info (10041): Inferred latch for "Memory[16][1]" at ifu_mem.v(15) File: D:/Engineering/ENTC/Semester 5/EN3030  - Circuits and Systems Design/32bit-single-Cycle-Processor-Design/Lathika/ifu/ifu_mem.v Line: 15
Info (10041): Inferred latch for "Memory[16][2]" at ifu_mem.v(15) File: D:/Engineering/ENTC/Semester 5/EN3030  - Circuits and Systems Design/32bit-single-Cycle-Processor-Design/Lathika/ifu/ifu_mem.v Line: 15
Info (10041): Inferred latch for "Memory[16][3]" at ifu_mem.v(15) File: D:/Engineering/ENTC/Semester 5/EN3030  - Circuits and Systems Design/32bit-single-Cycle-Processor-Design/Lathika/ifu/ifu_mem.v Line: 15
Info (10041): Inferred latch for "Memory[16][4]" at ifu_mem.v(15) File: D:/Engineering/ENTC/Semester 5/EN3030  - Circuits and Systems Design/32bit-single-Cycle-Processor-Design/Lathika/ifu/ifu_mem.v Line: 15
Info (10041): Inferred latch for "Memory[16][5]" at ifu_mem.v(15) File: D:/Engineering/ENTC/Semester 5/EN3030  - Circuits and Systems Design/32bit-single-Cycle-Processor-Design/Lathika/ifu/ifu_mem.v Line: 15
Info (10041): Inferred latch for "Memory[16][6]" at ifu_mem.v(15) File: D:/Engineering/ENTC/Semester 5/EN3030  - Circuits and Systems Design/32bit-single-Cycle-Processor-Design/Lathika/ifu/ifu_mem.v Line: 15
Info (10041): Inferred latch for "Memory[16][7]" at ifu_mem.v(15) File: D:/Engineering/ENTC/Semester 5/EN3030  - Circuits and Systems Design/32bit-single-Cycle-Processor-Design/Lathika/ifu/ifu_mem.v Line: 15
Info (10041): Inferred latch for "Memory[17][0]" at ifu_mem.v(15) File: D:/Engineering/ENTC/Semester 5/EN3030  - Circuits and Systems Design/32bit-single-Cycle-Processor-Design/Lathika/ifu/ifu_mem.v Line: 15
Info (10041): Inferred latch for "Memory[17][1]" at ifu_mem.v(15) File: D:/Engineering/ENTC/Semester 5/EN3030  - Circuits and Systems Design/32bit-single-Cycle-Processor-Design/Lathika/ifu/ifu_mem.v Line: 15
Info (10041): Inferred latch for "Memory[17][2]" at ifu_mem.v(15) File: D:/Engineering/ENTC/Semester 5/EN3030  - Circuits and Systems Design/32bit-single-Cycle-Processor-Design/Lathika/ifu/ifu_mem.v Line: 15
Info (10041): Inferred latch for "Memory[17][3]" at ifu_mem.v(15) File: D:/Engineering/ENTC/Semester 5/EN3030  - Circuits and Systems Design/32bit-single-Cycle-Processor-Design/Lathika/ifu/ifu_mem.v Line: 15
Info (10041): Inferred latch for "Memory[17][4]" at ifu_mem.v(15) File: D:/Engineering/ENTC/Semester 5/EN3030  - Circuits and Systems Design/32bit-single-Cycle-Processor-Design/Lathika/ifu/ifu_mem.v Line: 15
Info (10041): Inferred latch for "Memory[17][5]" at ifu_mem.v(15) File: D:/Engineering/ENTC/Semester 5/EN3030  - Circuits and Systems Design/32bit-single-Cycle-Processor-Design/Lathika/ifu/ifu_mem.v Line: 15
Info (10041): Inferred latch for "Memory[17][6]" at ifu_mem.v(15) File: D:/Engineering/ENTC/Semester 5/EN3030  - Circuits and Systems Design/32bit-single-Cycle-Processor-Design/Lathika/ifu/ifu_mem.v Line: 15
Info (10041): Inferred latch for "Memory[17][7]" at ifu_mem.v(15) File: D:/Engineering/ENTC/Semester 5/EN3030  - Circuits and Systems Design/32bit-single-Cycle-Processor-Design/Lathika/ifu/ifu_mem.v Line: 15
Info (10041): Inferred latch for "Memory[18][0]" at ifu_mem.v(15) File: D:/Engineering/ENTC/Semester 5/EN3030  - Circuits and Systems Design/32bit-single-Cycle-Processor-Design/Lathika/ifu/ifu_mem.v Line: 15
Info (10041): Inferred latch for "Memory[18][1]" at ifu_mem.v(15) File: D:/Engineering/ENTC/Semester 5/EN3030  - Circuits and Systems Design/32bit-single-Cycle-Processor-Design/Lathika/ifu/ifu_mem.v Line: 15
Info (10041): Inferred latch for "Memory[18][2]" at ifu_mem.v(15) File: D:/Engineering/ENTC/Semester 5/EN3030  - Circuits and Systems Design/32bit-single-Cycle-Processor-Design/Lathika/ifu/ifu_mem.v Line: 15
Info (10041): Inferred latch for "Memory[18][3]" at ifu_mem.v(15) File: D:/Engineering/ENTC/Semester 5/EN3030  - Circuits and Systems Design/32bit-single-Cycle-Processor-Design/Lathika/ifu/ifu_mem.v Line: 15
Info (10041): Inferred latch for "Memory[18][4]" at ifu_mem.v(15) File: D:/Engineering/ENTC/Semester 5/EN3030  - Circuits and Systems Design/32bit-single-Cycle-Processor-Design/Lathika/ifu/ifu_mem.v Line: 15
Info (10041): Inferred latch for "Memory[18][5]" at ifu_mem.v(15) File: D:/Engineering/ENTC/Semester 5/EN3030  - Circuits and Systems Design/32bit-single-Cycle-Processor-Design/Lathika/ifu/ifu_mem.v Line: 15
Info (10041): Inferred latch for "Memory[18][6]" at ifu_mem.v(15) File: D:/Engineering/ENTC/Semester 5/EN3030  - Circuits and Systems Design/32bit-single-Cycle-Processor-Design/Lathika/ifu/ifu_mem.v Line: 15
Info (10041): Inferred latch for "Memory[18][7]" at ifu_mem.v(15) File: D:/Engineering/ENTC/Semester 5/EN3030  - Circuits and Systems Design/32bit-single-Cycle-Processor-Design/Lathika/ifu/ifu_mem.v Line: 15
Info (10041): Inferred latch for "Memory[19][0]" at ifu_mem.v(15) File: D:/Engineering/ENTC/Semester 5/EN3030  - Circuits and Systems Design/32bit-single-Cycle-Processor-Design/Lathika/ifu/ifu_mem.v Line: 15
Info (10041): Inferred latch for "Memory[19][1]" at ifu_mem.v(15) File: D:/Engineering/ENTC/Semester 5/EN3030  - Circuits and Systems Design/32bit-single-Cycle-Processor-Design/Lathika/ifu/ifu_mem.v Line: 15
Info (10041): Inferred latch for "Memory[19][2]" at ifu_mem.v(15) File: D:/Engineering/ENTC/Semester 5/EN3030  - Circuits and Systems Design/32bit-single-Cycle-Processor-Design/Lathika/ifu/ifu_mem.v Line: 15
Info (10041): Inferred latch for "Memory[19][3]" at ifu_mem.v(15) File: D:/Engineering/ENTC/Semester 5/EN3030  - Circuits and Systems Design/32bit-single-Cycle-Processor-Design/Lathika/ifu/ifu_mem.v Line: 15
Info (10041): Inferred latch for "Memory[19][4]" at ifu_mem.v(15) File: D:/Engineering/ENTC/Semester 5/EN3030  - Circuits and Systems Design/32bit-single-Cycle-Processor-Design/Lathika/ifu/ifu_mem.v Line: 15
Info (10041): Inferred latch for "Memory[19][5]" at ifu_mem.v(15) File: D:/Engineering/ENTC/Semester 5/EN3030  - Circuits and Systems Design/32bit-single-Cycle-Processor-Design/Lathika/ifu/ifu_mem.v Line: 15
Info (10041): Inferred latch for "Memory[19][6]" at ifu_mem.v(15) File: D:/Engineering/ENTC/Semester 5/EN3030  - Circuits and Systems Design/32bit-single-Cycle-Processor-Design/Lathika/ifu/ifu_mem.v Line: 15
Info (10041): Inferred latch for "Memory[19][7]" at ifu_mem.v(15) File: D:/Engineering/ENTC/Semester 5/EN3030  - Circuits and Systems Design/32bit-single-Cycle-Processor-Design/Lathika/ifu/ifu_mem.v Line: 15
Info (10041): Inferred latch for "Memory[20][0]" at ifu_mem.v(15) File: D:/Engineering/ENTC/Semester 5/EN3030  - Circuits and Systems Design/32bit-single-Cycle-Processor-Design/Lathika/ifu/ifu_mem.v Line: 15
Info (10041): Inferred latch for "Memory[20][1]" at ifu_mem.v(15) File: D:/Engineering/ENTC/Semester 5/EN3030  - Circuits and Systems Design/32bit-single-Cycle-Processor-Design/Lathika/ifu/ifu_mem.v Line: 15
Info (10041): Inferred latch for "Memory[20][2]" at ifu_mem.v(15) File: D:/Engineering/ENTC/Semester 5/EN3030  - Circuits and Systems Design/32bit-single-Cycle-Processor-Design/Lathika/ifu/ifu_mem.v Line: 15
Info (10041): Inferred latch for "Memory[20][3]" at ifu_mem.v(15) File: D:/Engineering/ENTC/Semester 5/EN3030  - Circuits and Systems Design/32bit-single-Cycle-Processor-Design/Lathika/ifu/ifu_mem.v Line: 15
Info (10041): Inferred latch for "Memory[20][4]" at ifu_mem.v(15) File: D:/Engineering/ENTC/Semester 5/EN3030  - Circuits and Systems Design/32bit-single-Cycle-Processor-Design/Lathika/ifu/ifu_mem.v Line: 15
Info (10041): Inferred latch for "Memory[20][5]" at ifu_mem.v(15) File: D:/Engineering/ENTC/Semester 5/EN3030  - Circuits and Systems Design/32bit-single-Cycle-Processor-Design/Lathika/ifu/ifu_mem.v Line: 15
Info (10041): Inferred latch for "Memory[20][6]" at ifu_mem.v(15) File: D:/Engineering/ENTC/Semester 5/EN3030  - Circuits and Systems Design/32bit-single-Cycle-Processor-Design/Lathika/ifu/ifu_mem.v Line: 15
Info (10041): Inferred latch for "Memory[20][7]" at ifu_mem.v(15) File: D:/Engineering/ENTC/Semester 5/EN3030  - Circuits and Systems Design/32bit-single-Cycle-Processor-Design/Lathika/ifu/ifu_mem.v Line: 15
Info (10041): Inferred latch for "Memory[21][0]" at ifu_mem.v(15) File: D:/Engineering/ENTC/Semester 5/EN3030  - Circuits and Systems Design/32bit-single-Cycle-Processor-Design/Lathika/ifu/ifu_mem.v Line: 15
Info (10041): Inferred latch for "Memory[21][1]" at ifu_mem.v(15) File: D:/Engineering/ENTC/Semester 5/EN3030  - Circuits and Systems Design/32bit-single-Cycle-Processor-Design/Lathika/ifu/ifu_mem.v Line: 15
Info (10041): Inferred latch for "Memory[21][2]" at ifu_mem.v(15) File: D:/Engineering/ENTC/Semester 5/EN3030  - Circuits and Systems Design/32bit-single-Cycle-Processor-Design/Lathika/ifu/ifu_mem.v Line: 15
Info (10041): Inferred latch for "Memory[21][3]" at ifu_mem.v(15) File: D:/Engineering/ENTC/Semester 5/EN3030  - Circuits and Systems Design/32bit-single-Cycle-Processor-Design/Lathika/ifu/ifu_mem.v Line: 15
Info (10041): Inferred latch for "Memory[21][4]" at ifu_mem.v(15) File: D:/Engineering/ENTC/Semester 5/EN3030  - Circuits and Systems Design/32bit-single-Cycle-Processor-Design/Lathika/ifu/ifu_mem.v Line: 15
Info (10041): Inferred latch for "Memory[21][5]" at ifu_mem.v(15) File: D:/Engineering/ENTC/Semester 5/EN3030  - Circuits and Systems Design/32bit-single-Cycle-Processor-Design/Lathika/ifu/ifu_mem.v Line: 15
Info (10041): Inferred latch for "Memory[21][6]" at ifu_mem.v(15) File: D:/Engineering/ENTC/Semester 5/EN3030  - Circuits and Systems Design/32bit-single-Cycle-Processor-Design/Lathika/ifu/ifu_mem.v Line: 15
Info (10041): Inferred latch for "Memory[21][7]" at ifu_mem.v(15) File: D:/Engineering/ENTC/Semester 5/EN3030  - Circuits and Systems Design/32bit-single-Cycle-Processor-Design/Lathika/ifu/ifu_mem.v Line: 15
Info (10041): Inferred latch for "Memory[22][0]" at ifu_mem.v(15) File: D:/Engineering/ENTC/Semester 5/EN3030  - Circuits and Systems Design/32bit-single-Cycle-Processor-Design/Lathika/ifu/ifu_mem.v Line: 15
Info (10041): Inferred latch for "Memory[22][1]" at ifu_mem.v(15) File: D:/Engineering/ENTC/Semester 5/EN3030  - Circuits and Systems Design/32bit-single-Cycle-Processor-Design/Lathika/ifu/ifu_mem.v Line: 15
Info (10041): Inferred latch for "Memory[22][2]" at ifu_mem.v(15) File: D:/Engineering/ENTC/Semester 5/EN3030  - Circuits and Systems Design/32bit-single-Cycle-Processor-Design/Lathika/ifu/ifu_mem.v Line: 15
Info (10041): Inferred latch for "Memory[22][3]" at ifu_mem.v(15) File: D:/Engineering/ENTC/Semester 5/EN3030  - Circuits and Systems Design/32bit-single-Cycle-Processor-Design/Lathika/ifu/ifu_mem.v Line: 15
Info (10041): Inferred latch for "Memory[22][4]" at ifu_mem.v(15) File: D:/Engineering/ENTC/Semester 5/EN3030  - Circuits and Systems Design/32bit-single-Cycle-Processor-Design/Lathika/ifu/ifu_mem.v Line: 15
Info (10041): Inferred latch for "Memory[22][5]" at ifu_mem.v(15) File: D:/Engineering/ENTC/Semester 5/EN3030  - Circuits and Systems Design/32bit-single-Cycle-Processor-Design/Lathika/ifu/ifu_mem.v Line: 15
Info (10041): Inferred latch for "Memory[22][6]" at ifu_mem.v(15) File: D:/Engineering/ENTC/Semester 5/EN3030  - Circuits and Systems Design/32bit-single-Cycle-Processor-Design/Lathika/ifu/ifu_mem.v Line: 15
Info (10041): Inferred latch for "Memory[22][7]" at ifu_mem.v(15) File: D:/Engineering/ENTC/Semester 5/EN3030  - Circuits and Systems Design/32bit-single-Cycle-Processor-Design/Lathika/ifu/ifu_mem.v Line: 15
Info (10041): Inferred latch for "Memory[23][0]" at ifu_mem.v(15) File: D:/Engineering/ENTC/Semester 5/EN3030  - Circuits and Systems Design/32bit-single-Cycle-Processor-Design/Lathika/ifu/ifu_mem.v Line: 15
Info (10041): Inferred latch for "Memory[23][1]" at ifu_mem.v(15) File: D:/Engineering/ENTC/Semester 5/EN3030  - Circuits and Systems Design/32bit-single-Cycle-Processor-Design/Lathika/ifu/ifu_mem.v Line: 15
Info (10041): Inferred latch for "Memory[23][2]" at ifu_mem.v(15) File: D:/Engineering/ENTC/Semester 5/EN3030  - Circuits and Systems Design/32bit-single-Cycle-Processor-Design/Lathika/ifu/ifu_mem.v Line: 15
Info (10041): Inferred latch for "Memory[23][3]" at ifu_mem.v(15) File: D:/Engineering/ENTC/Semester 5/EN3030  - Circuits and Systems Design/32bit-single-Cycle-Processor-Design/Lathika/ifu/ifu_mem.v Line: 15
Info (10041): Inferred latch for "Memory[23][4]" at ifu_mem.v(15) File: D:/Engineering/ENTC/Semester 5/EN3030  - Circuits and Systems Design/32bit-single-Cycle-Processor-Design/Lathika/ifu/ifu_mem.v Line: 15
Info (10041): Inferred latch for "Memory[23][5]" at ifu_mem.v(15) File: D:/Engineering/ENTC/Semester 5/EN3030  - Circuits and Systems Design/32bit-single-Cycle-Processor-Design/Lathika/ifu/ifu_mem.v Line: 15
Info (10041): Inferred latch for "Memory[23][6]" at ifu_mem.v(15) File: D:/Engineering/ENTC/Semester 5/EN3030  - Circuits and Systems Design/32bit-single-Cycle-Processor-Design/Lathika/ifu/ifu_mem.v Line: 15
Info (10041): Inferred latch for "Memory[23][7]" at ifu_mem.v(15) File: D:/Engineering/ENTC/Semester 5/EN3030  - Circuits and Systems Design/32bit-single-Cycle-Processor-Design/Lathika/ifu/ifu_mem.v Line: 15
Info (10041): Inferred latch for "Memory[24][0]" at ifu_mem.v(15) File: D:/Engineering/ENTC/Semester 5/EN3030  - Circuits and Systems Design/32bit-single-Cycle-Processor-Design/Lathika/ifu/ifu_mem.v Line: 15
Info (10041): Inferred latch for "Memory[24][1]" at ifu_mem.v(15) File: D:/Engineering/ENTC/Semester 5/EN3030  - Circuits and Systems Design/32bit-single-Cycle-Processor-Design/Lathika/ifu/ifu_mem.v Line: 15
Info (10041): Inferred latch for "Memory[24][2]" at ifu_mem.v(15) File: D:/Engineering/ENTC/Semester 5/EN3030  - Circuits and Systems Design/32bit-single-Cycle-Processor-Design/Lathika/ifu/ifu_mem.v Line: 15
Info (10041): Inferred latch for "Memory[24][3]" at ifu_mem.v(15) File: D:/Engineering/ENTC/Semester 5/EN3030  - Circuits and Systems Design/32bit-single-Cycle-Processor-Design/Lathika/ifu/ifu_mem.v Line: 15
Info (10041): Inferred latch for "Memory[24][4]" at ifu_mem.v(15) File: D:/Engineering/ENTC/Semester 5/EN3030  - Circuits and Systems Design/32bit-single-Cycle-Processor-Design/Lathika/ifu/ifu_mem.v Line: 15
Info (10041): Inferred latch for "Memory[24][5]" at ifu_mem.v(15) File: D:/Engineering/ENTC/Semester 5/EN3030  - Circuits and Systems Design/32bit-single-Cycle-Processor-Design/Lathika/ifu/ifu_mem.v Line: 15
Info (10041): Inferred latch for "Memory[24][6]" at ifu_mem.v(15) File: D:/Engineering/ENTC/Semester 5/EN3030  - Circuits and Systems Design/32bit-single-Cycle-Processor-Design/Lathika/ifu/ifu_mem.v Line: 15
Info (10041): Inferred latch for "Memory[24][7]" at ifu_mem.v(15) File: D:/Engineering/ENTC/Semester 5/EN3030  - Circuits and Systems Design/32bit-single-Cycle-Processor-Design/Lathika/ifu/ifu_mem.v Line: 15
Info (10041): Inferred latch for "Memory[25][0]" at ifu_mem.v(15) File: D:/Engineering/ENTC/Semester 5/EN3030  - Circuits and Systems Design/32bit-single-Cycle-Processor-Design/Lathika/ifu/ifu_mem.v Line: 15
Info (10041): Inferred latch for "Memory[25][1]" at ifu_mem.v(15) File: D:/Engineering/ENTC/Semester 5/EN3030  - Circuits and Systems Design/32bit-single-Cycle-Processor-Design/Lathika/ifu/ifu_mem.v Line: 15
Info (10041): Inferred latch for "Memory[25][2]" at ifu_mem.v(15) File: D:/Engineering/ENTC/Semester 5/EN3030  - Circuits and Systems Design/32bit-single-Cycle-Processor-Design/Lathika/ifu/ifu_mem.v Line: 15
Info (10041): Inferred latch for "Memory[25][3]" at ifu_mem.v(15) File: D:/Engineering/ENTC/Semester 5/EN3030  - Circuits and Systems Design/32bit-single-Cycle-Processor-Design/Lathika/ifu/ifu_mem.v Line: 15
Info (10041): Inferred latch for "Memory[25][4]" at ifu_mem.v(15) File: D:/Engineering/ENTC/Semester 5/EN3030  - Circuits and Systems Design/32bit-single-Cycle-Processor-Design/Lathika/ifu/ifu_mem.v Line: 15
Info (10041): Inferred latch for "Memory[25][5]" at ifu_mem.v(15) File: D:/Engineering/ENTC/Semester 5/EN3030  - Circuits and Systems Design/32bit-single-Cycle-Processor-Design/Lathika/ifu/ifu_mem.v Line: 15
Info (10041): Inferred latch for "Memory[25][6]" at ifu_mem.v(15) File: D:/Engineering/ENTC/Semester 5/EN3030  - Circuits and Systems Design/32bit-single-Cycle-Processor-Design/Lathika/ifu/ifu_mem.v Line: 15
Info (10041): Inferred latch for "Memory[25][7]" at ifu_mem.v(15) File: D:/Engineering/ENTC/Semester 5/EN3030  - Circuits and Systems Design/32bit-single-Cycle-Processor-Design/Lathika/ifu/ifu_mem.v Line: 15
Info (10041): Inferred latch for "Memory[26][0]" at ifu_mem.v(15) File: D:/Engineering/ENTC/Semester 5/EN3030  - Circuits and Systems Design/32bit-single-Cycle-Processor-Design/Lathika/ifu/ifu_mem.v Line: 15
Info (10041): Inferred latch for "Memory[26][1]" at ifu_mem.v(15) File: D:/Engineering/ENTC/Semester 5/EN3030  - Circuits and Systems Design/32bit-single-Cycle-Processor-Design/Lathika/ifu/ifu_mem.v Line: 15
Info (10041): Inferred latch for "Memory[26][2]" at ifu_mem.v(15) File: D:/Engineering/ENTC/Semester 5/EN3030  - Circuits and Systems Design/32bit-single-Cycle-Processor-Design/Lathika/ifu/ifu_mem.v Line: 15
Info (10041): Inferred latch for "Memory[26][3]" at ifu_mem.v(15) File: D:/Engineering/ENTC/Semester 5/EN3030  - Circuits and Systems Design/32bit-single-Cycle-Processor-Design/Lathika/ifu/ifu_mem.v Line: 15
Info (10041): Inferred latch for "Memory[26][4]" at ifu_mem.v(15) File: D:/Engineering/ENTC/Semester 5/EN3030  - Circuits and Systems Design/32bit-single-Cycle-Processor-Design/Lathika/ifu/ifu_mem.v Line: 15
Info (10041): Inferred latch for "Memory[26][5]" at ifu_mem.v(15) File: D:/Engineering/ENTC/Semester 5/EN3030  - Circuits and Systems Design/32bit-single-Cycle-Processor-Design/Lathika/ifu/ifu_mem.v Line: 15
Info (10041): Inferred latch for "Memory[26][6]" at ifu_mem.v(15) File: D:/Engineering/ENTC/Semester 5/EN3030  - Circuits and Systems Design/32bit-single-Cycle-Processor-Design/Lathika/ifu/ifu_mem.v Line: 15
Info (10041): Inferred latch for "Memory[26][7]" at ifu_mem.v(15) File: D:/Engineering/ENTC/Semester 5/EN3030  - Circuits and Systems Design/32bit-single-Cycle-Processor-Design/Lathika/ifu/ifu_mem.v Line: 15
Info (10041): Inferred latch for "Memory[27][0]" at ifu_mem.v(15) File: D:/Engineering/ENTC/Semester 5/EN3030  - Circuits and Systems Design/32bit-single-Cycle-Processor-Design/Lathika/ifu/ifu_mem.v Line: 15
Info (10041): Inferred latch for "Memory[27][1]" at ifu_mem.v(15) File: D:/Engineering/ENTC/Semester 5/EN3030  - Circuits and Systems Design/32bit-single-Cycle-Processor-Design/Lathika/ifu/ifu_mem.v Line: 15
Info (10041): Inferred latch for "Memory[27][2]" at ifu_mem.v(15) File: D:/Engineering/ENTC/Semester 5/EN3030  - Circuits and Systems Design/32bit-single-Cycle-Processor-Design/Lathika/ifu/ifu_mem.v Line: 15
Info (10041): Inferred latch for "Memory[27][3]" at ifu_mem.v(15) File: D:/Engineering/ENTC/Semester 5/EN3030  - Circuits and Systems Design/32bit-single-Cycle-Processor-Design/Lathika/ifu/ifu_mem.v Line: 15
Info (10041): Inferred latch for "Memory[27][4]" at ifu_mem.v(15) File: D:/Engineering/ENTC/Semester 5/EN3030  - Circuits and Systems Design/32bit-single-Cycle-Processor-Design/Lathika/ifu/ifu_mem.v Line: 15
Info (10041): Inferred latch for "Memory[27][5]" at ifu_mem.v(15) File: D:/Engineering/ENTC/Semester 5/EN3030  - Circuits and Systems Design/32bit-single-Cycle-Processor-Design/Lathika/ifu/ifu_mem.v Line: 15
Info (10041): Inferred latch for "Memory[27][6]" at ifu_mem.v(15) File: D:/Engineering/ENTC/Semester 5/EN3030  - Circuits and Systems Design/32bit-single-Cycle-Processor-Design/Lathika/ifu/ifu_mem.v Line: 15
Info (10041): Inferred latch for "Memory[27][7]" at ifu_mem.v(15) File: D:/Engineering/ENTC/Semester 5/EN3030  - Circuits and Systems Design/32bit-single-Cycle-Processor-Design/Lathika/ifu/ifu_mem.v Line: 15
Info (10041): Inferred latch for "Memory[28][0]" at ifu_mem.v(15) File: D:/Engineering/ENTC/Semester 5/EN3030  - Circuits and Systems Design/32bit-single-Cycle-Processor-Design/Lathika/ifu/ifu_mem.v Line: 15
Info (10041): Inferred latch for "Memory[28][1]" at ifu_mem.v(15) File: D:/Engineering/ENTC/Semester 5/EN3030  - Circuits and Systems Design/32bit-single-Cycle-Processor-Design/Lathika/ifu/ifu_mem.v Line: 15
Info (10041): Inferred latch for "Memory[28][2]" at ifu_mem.v(15) File: D:/Engineering/ENTC/Semester 5/EN3030  - Circuits and Systems Design/32bit-single-Cycle-Processor-Design/Lathika/ifu/ifu_mem.v Line: 15
Info (10041): Inferred latch for "Memory[28][3]" at ifu_mem.v(15) File: D:/Engineering/ENTC/Semester 5/EN3030  - Circuits and Systems Design/32bit-single-Cycle-Processor-Design/Lathika/ifu/ifu_mem.v Line: 15
Info (10041): Inferred latch for "Memory[28][4]" at ifu_mem.v(15) File: D:/Engineering/ENTC/Semester 5/EN3030  - Circuits and Systems Design/32bit-single-Cycle-Processor-Design/Lathika/ifu/ifu_mem.v Line: 15
Info (10041): Inferred latch for "Memory[28][5]" at ifu_mem.v(15) File: D:/Engineering/ENTC/Semester 5/EN3030  - Circuits and Systems Design/32bit-single-Cycle-Processor-Design/Lathika/ifu/ifu_mem.v Line: 15
Info (10041): Inferred latch for "Memory[28][6]" at ifu_mem.v(15) File: D:/Engineering/ENTC/Semester 5/EN3030  - Circuits and Systems Design/32bit-single-Cycle-Processor-Design/Lathika/ifu/ifu_mem.v Line: 15
Info (10041): Inferred latch for "Memory[28][7]" at ifu_mem.v(15) File: D:/Engineering/ENTC/Semester 5/EN3030  - Circuits and Systems Design/32bit-single-Cycle-Processor-Design/Lathika/ifu/ifu_mem.v Line: 15
Info (10041): Inferred latch for "Memory[29][0]" at ifu_mem.v(15) File: D:/Engineering/ENTC/Semester 5/EN3030  - Circuits and Systems Design/32bit-single-Cycle-Processor-Design/Lathika/ifu/ifu_mem.v Line: 15
Info (10041): Inferred latch for "Memory[29][1]" at ifu_mem.v(15) File: D:/Engineering/ENTC/Semester 5/EN3030  - Circuits and Systems Design/32bit-single-Cycle-Processor-Design/Lathika/ifu/ifu_mem.v Line: 15
Info (10041): Inferred latch for "Memory[29][2]" at ifu_mem.v(15) File: D:/Engineering/ENTC/Semester 5/EN3030  - Circuits and Systems Design/32bit-single-Cycle-Processor-Design/Lathika/ifu/ifu_mem.v Line: 15
Info (10041): Inferred latch for "Memory[29][3]" at ifu_mem.v(15) File: D:/Engineering/ENTC/Semester 5/EN3030  - Circuits and Systems Design/32bit-single-Cycle-Processor-Design/Lathika/ifu/ifu_mem.v Line: 15
Info (10041): Inferred latch for "Memory[29][4]" at ifu_mem.v(15) File: D:/Engineering/ENTC/Semester 5/EN3030  - Circuits and Systems Design/32bit-single-Cycle-Processor-Design/Lathika/ifu/ifu_mem.v Line: 15
Info (10041): Inferred latch for "Memory[29][5]" at ifu_mem.v(15) File: D:/Engineering/ENTC/Semester 5/EN3030  - Circuits and Systems Design/32bit-single-Cycle-Processor-Design/Lathika/ifu/ifu_mem.v Line: 15
Info (10041): Inferred latch for "Memory[29][6]" at ifu_mem.v(15) File: D:/Engineering/ENTC/Semester 5/EN3030  - Circuits and Systems Design/32bit-single-Cycle-Processor-Design/Lathika/ifu/ifu_mem.v Line: 15
Info (10041): Inferred latch for "Memory[29][7]" at ifu_mem.v(15) File: D:/Engineering/ENTC/Semester 5/EN3030  - Circuits and Systems Design/32bit-single-Cycle-Processor-Design/Lathika/ifu/ifu_mem.v Line: 15
Info (10041): Inferred latch for "Memory[30][0]" at ifu_mem.v(15) File: D:/Engineering/ENTC/Semester 5/EN3030  - Circuits and Systems Design/32bit-single-Cycle-Processor-Design/Lathika/ifu/ifu_mem.v Line: 15
Info (10041): Inferred latch for "Memory[30][1]" at ifu_mem.v(15) File: D:/Engineering/ENTC/Semester 5/EN3030  - Circuits and Systems Design/32bit-single-Cycle-Processor-Design/Lathika/ifu/ifu_mem.v Line: 15
Info (10041): Inferred latch for "Memory[30][2]" at ifu_mem.v(15) File: D:/Engineering/ENTC/Semester 5/EN3030  - Circuits and Systems Design/32bit-single-Cycle-Processor-Design/Lathika/ifu/ifu_mem.v Line: 15
Info (10041): Inferred latch for "Memory[30][3]" at ifu_mem.v(15) File: D:/Engineering/ENTC/Semester 5/EN3030  - Circuits and Systems Design/32bit-single-Cycle-Processor-Design/Lathika/ifu/ifu_mem.v Line: 15
Info (10041): Inferred latch for "Memory[30][4]" at ifu_mem.v(15) File: D:/Engineering/ENTC/Semester 5/EN3030  - Circuits and Systems Design/32bit-single-Cycle-Processor-Design/Lathika/ifu/ifu_mem.v Line: 15
Info (10041): Inferred latch for "Memory[30][5]" at ifu_mem.v(15) File: D:/Engineering/ENTC/Semester 5/EN3030  - Circuits and Systems Design/32bit-single-Cycle-Processor-Design/Lathika/ifu/ifu_mem.v Line: 15
Info (10041): Inferred latch for "Memory[30][6]" at ifu_mem.v(15) File: D:/Engineering/ENTC/Semester 5/EN3030  - Circuits and Systems Design/32bit-single-Cycle-Processor-Design/Lathika/ifu/ifu_mem.v Line: 15
Info (10041): Inferred latch for "Memory[30][7]" at ifu_mem.v(15) File: D:/Engineering/ENTC/Semester 5/EN3030  - Circuits and Systems Design/32bit-single-Cycle-Processor-Design/Lathika/ifu/ifu_mem.v Line: 15
Info (10041): Inferred latch for "Memory[31][0]" at ifu_mem.v(15) File: D:/Engineering/ENTC/Semester 5/EN3030  - Circuits and Systems Design/32bit-single-Cycle-Processor-Design/Lathika/ifu/ifu_mem.v Line: 15
Info (10041): Inferred latch for "Memory[31][1]" at ifu_mem.v(15) File: D:/Engineering/ENTC/Semester 5/EN3030  - Circuits and Systems Design/32bit-single-Cycle-Processor-Design/Lathika/ifu/ifu_mem.v Line: 15
Info (10041): Inferred latch for "Memory[31][2]" at ifu_mem.v(15) File: D:/Engineering/ENTC/Semester 5/EN3030  - Circuits and Systems Design/32bit-single-Cycle-Processor-Design/Lathika/ifu/ifu_mem.v Line: 15
Info (10041): Inferred latch for "Memory[31][3]" at ifu_mem.v(15) File: D:/Engineering/ENTC/Semester 5/EN3030  - Circuits and Systems Design/32bit-single-Cycle-Processor-Design/Lathika/ifu/ifu_mem.v Line: 15
Info (10041): Inferred latch for "Memory[31][4]" at ifu_mem.v(15) File: D:/Engineering/ENTC/Semester 5/EN3030  - Circuits and Systems Design/32bit-single-Cycle-Processor-Design/Lathika/ifu/ifu_mem.v Line: 15
Info (10041): Inferred latch for "Memory[31][5]" at ifu_mem.v(15) File: D:/Engineering/ENTC/Semester 5/EN3030  - Circuits and Systems Design/32bit-single-Cycle-Processor-Design/Lathika/ifu/ifu_mem.v Line: 15
Info (10041): Inferred latch for "Memory[31][6]" at ifu_mem.v(15) File: D:/Engineering/ENTC/Semester 5/EN3030  - Circuits and Systems Design/32bit-single-Cycle-Processor-Design/Lathika/ifu/ifu_mem.v Line: 15
Info (10041): Inferred latch for "Memory[31][7]" at ifu_mem.v(15) File: D:/Engineering/ENTC/Semester 5/EN3030  - Circuits and Systems Design/32bit-single-Cycle-Processor-Design/Lathika/ifu/ifu_mem.v Line: 15
Warning (13024): Output pins are stuck at VCC or GND
    Warning (13410): Pin "instruction[0]" is stuck at VCC File: D:/Engineering/ENTC/Semester 5/EN3030  - Circuits and Systems Design/32bit-single-Cycle-Processor-Design/Lathika/ifu/ifu.v Line: 6
    Warning (13410): Pin "instruction[1]" is stuck at VCC File: D:/Engineering/ENTC/Semester 5/EN3030  - Circuits and Systems Design/32bit-single-Cycle-Processor-Design/Lathika/ifu/ifu.v Line: 6
    Warning (13410): Pin "instruction[2]" is stuck at GND File: D:/Engineering/ENTC/Semester 5/EN3030  - Circuits and Systems Design/32bit-single-Cycle-Processor-Design/Lathika/ifu/ifu.v Line: 6
    Warning (13410): Pin "instruction[3]" is stuck at GND File: D:/Engineering/ENTC/Semester 5/EN3030  - Circuits and Systems Design/32bit-single-Cycle-Processor-Design/Lathika/ifu/ifu.v Line: 6
    Warning (13410): Pin "instruction[4]" is stuck at VCC File: D:/Engineering/ENTC/Semester 5/EN3030  - Circuits and Systems Design/32bit-single-Cycle-Processor-Design/Lathika/ifu/ifu.v Line: 6
    Warning (13410): Pin "instruction[5]" is stuck at VCC File: D:/Engineering/ENTC/Semester 5/EN3030  - Circuits and Systems Design/32bit-single-Cycle-Processor-Design/Lathika/ifu/ifu.v Line: 6
    Warning (13410): Pin "instruction[6]" is stuck at GND File: D:/Engineering/ENTC/Semester 5/EN3030  - Circuits and Systems Design/32bit-single-Cycle-Processor-Design/Lathika/ifu/ifu.v Line: 6
    Warning (13410): Pin "instruction[15]" is stuck at GND File: D:/Engineering/ENTC/Semester 5/EN3030  - Circuits and Systems Design/32bit-single-Cycle-Processor-Design/Lathika/ifu/ifu.v Line: 6
    Warning (13410): Pin "instruction[20]" is stuck at VCC File: D:/Engineering/ENTC/Semester 5/EN3030  - Circuits and Systems Design/32bit-single-Cycle-Processor-Design/Lathika/ifu/ifu.v Line: 6
    Warning (13410): Pin "instruction[26]" is stuck at GND File: D:/Engineering/ENTC/Semester 5/EN3030  - Circuits and Systems Design/32bit-single-Cycle-Processor-Design/Lathika/ifu/ifu.v Line: 6
    Warning (13410): Pin "instruction[27]" is stuck at GND File: D:/Engineering/ENTC/Semester 5/EN3030  - Circuits and Systems Design/32bit-single-Cycle-Processor-Design/Lathika/ifu/ifu.v Line: 6
    Warning (13410): Pin "instruction[28]" is stuck at GND File: D:/Engineering/ENTC/Semester 5/EN3030  - Circuits and Systems Design/32bit-single-Cycle-Processor-Design/Lathika/ifu/ifu.v Line: 6
    Warning (13410): Pin "instruction[29]" is stuck at GND File: D:/Engineering/ENTC/Semester 5/EN3030  - Circuits and Systems Design/32bit-single-Cycle-Processor-Design/Lathika/ifu/ifu.v Line: 6
    Warning (13410): Pin "instruction[31]" is stuck at GND File: D:/Engineering/ENTC/Semester 5/EN3030  - Circuits and Systems Design/32bit-single-Cycle-Processor-Design/Lathika/ifu/ifu.v Line: 6
Info (286030): Timing-Driven Synthesis is running
Info (17049): 27 registers lost all their fanouts during netlist optimizations.
Info (16010): Generating hard_block partition "hard_block:auto_generated_inst"
    Info (16011): Adding 0 node(s), including 0 DDIO, 0 PLL, 0 transceiver and 0 LCELL
Info (21057): Implemented 50 device resources after synthesis - the final resource count might be different
    Info (21058): Implemented 2 input pins
    Info (21059): Implemented 32 output pins
    Info (21061): Implemented 16 logic cells
Info: Quartus Prime Analysis & Synthesis was successful. 0 errors, 18 warnings
    Info: Peak virtual memory: 4761 megabytes
    Info: Processing ended: Sun Feb 12 00:26:03 2023
    Info: Elapsed time: 00:00:11
    Info: Total CPU time (on all processors): 00:00:20


